<?xml version="1.0" encoding="UTF-8"?>
<!-- Generated by org.testng.reporters.JUnitReportReporter -->
<testsuite hostname="PUNAC3013L1597" name="mavenproj.NewTest" tests="1" failures="0" timestamp="22 Apr 2019 10:14:26 GMT" time="39.640" errors="0">
  <testcase name="f" time="39.640" classname="mavenproj.NewTest"/>
</testsuite> <!-- mavenproj.NewTest -->
